<?xml version="1.0" encoding="UTF-8"?>
<!-- Generated by org.testng.reporters.JUnitReportReporter -->
<testsuite skipped="0" hostname="DESKTOP-637RNLU" name="com.capgemini.seleniumtesting.testclasses.A" tests="3" failures="0" timestamp="16 Jan 2020 11:44:26 GMT" time="105.320" errors="0">
  <testcase name="demo3" time="17.206" classname="com.capgemini.seleniumtesting.testclasses.A"/>
  <testcase name="demo4" time="59.154" classname="com.capgemini.seleniumtesting.testclasses.A"/>
  <testcase name="demo5" time="28.960" classname="com.capgemini.seleniumtesting.testclasses.A"/>
</testsuite> <!-- com.capgemini.seleniumtesting.testclasses.A -->
