<?xml version="1.0" encoding="UTF-8"?>
<!-- Generated by org.testng.reporters.JUnitReportReporter -->
<testsuite skipped="0" hostname="DESKTOP-637RNLU" name="com.capgemini.seleniumtesting.webdriver.Assertion" tests="2" failures="1" timestamp="16 Jan 2020 13:06:37 GMT" time="47.926" errors="1">
  <testcase name="test1" time="44.613" classname="com.capgemini.seleniumtesting.webdriver.Assertion">
    <failure type="java.lang.AssertionError" message="expected [actiTIME] but found [actiTIME - Login]">
      <![CDATA[java.lang.AssertionError: expected [actiTIME] but found [actiTIME - Login]
at org.testng.Assert.fail(Assert.java:96)
at org.testng.Assert.failNotEquals(Assert.java:776)
at org.testng.Assert.assertEqualsImpl(Assert.java:137)
at org.testng.Assert.assertEquals(Assert.java:118)
at org.testng.Assert.assertEquals(Assert.java:453)
at org.testng.Assert.assertEquals(Assert.java:463)
at com.capgemini.seleniumtesting.webdriver.Assertion.test1(Assertion.java:20)
at sun.reflect.NativeMethodAccessorImpl.invoke0(Native Method)
at sun.reflect.NativeMethodAccessorImpl.invoke(Unknown Source)
at sun.reflect.DelegatingMethodAccessorImpl.invoke(Unknown Source)
at java.lang.reflect.Method.invoke(Unknown Source)
at org.testng.internal.MethodInvocationHelper.invokeMethod(MethodInvocationHelper.java:124)
at org.testng.internal.Invoker.invokeMethod(Invoker.java:580)
at org.testng.internal.Invoker.invokeTestMethod(Invoker.java:716)
at org.testng.internal.Invoker.invokeTestMethods(Invoker.java:988)
at org.testng.internal.TestMethodWorker.invokeTestMethods(TestMethodWorker.java:125)
at org.testng.internal.TestMethodWorker.run(TestMethodWorker.java:109)
at org.testng.TestRunner.privateRun(TestRunner.java:648)
at org.testng.TestRunner.run(TestRunner.java:505)
at org.testng.SuiteRunner.runTest(SuiteRunner.java:455)
at org.testng.SuiteRunner.runSequentially(SuiteRunner.java:450)
at org.testng.SuiteRunner.privateRun(SuiteRunner.java:415)
at org.testng.SuiteRunner.run(SuiteRunner.java:364)
at org.testng.SuiteRunnerWorker.runSuite(SuiteRunnerWorker.java:52)
at org.testng.SuiteRunnerWorker.run(SuiteRunnerWorker.java:84)
at org.testng.TestNG.runSuitesSequentially(TestNG.java:1208)
at org.testng.TestNG.runSuitesLocally(TestNG.java:1137)
at org.testng.TestNG.runSuites(TestNG.java:1049)
at org.testng.TestNG.run(TestNG.java:1017)
at org.testng.remote.AbstractRemoteTestNG.run(AbstractRemoteTestNG.java:114)
at org.testng.remote.RemoteTestNG.initAndRun(RemoteTestNG.java:251)
at org.testng.remote.RemoteTestNG.main(RemoteTestNG.java:77)
]]>
    </failure>
  </testcase> <!-- test1 -->
  <testcase name="test2" time="3.313" classname="com.capgemini.seleniumtesting.webdriver.Assertion">
    <error type="org.openqa.selenium.SessionNotCreatedException" message="session not created
from disconnected: received Inspector.detached event
  (Session info: chrome=79.0.3945.117)
Build info: version: &#039;3.141.59&#039;, revision: &#039;e82be7d358&#039;, time: &#039;2018-11-14T08:17:03&#039;
System info: host: &#039;DESKTOP-637RNLU&#039;, ip: &#039;192.168.43.2&#039;, os.name: &#039;Windows 10&#039;, os.arch: &#039;amd64&#039;, os.version: &#039;10.0&#039;, java.version: &#039;1.8.0_231&#039;
Driver info: driver.version: ChromeDriver
remote stacktrace: Backtrace:
	Ordinal0 [0x00E8A113+1548563]
	Ordinal0 [0x00E0DDA1+1039777]
	Ordinal0 [0x00D8E485+517253]
	Ordinal0 [0x00D870CB+487627]
	Ordinal0 [0x00D86CE9+486633]
	Ordinal0 [0x00D865E8+484840]
	Ordinal0 [0x00D85D33+482611]
	Ordinal0 [0x00D85E75+482933]
	Ordinal0 [0x00D859B5+481717]
	Ordinal0 [0x00D8A494+500884]
	Ordinal0 [0x00D85968+481640]
	Ordinal0 [0x00D8628B+483979]
	Ordinal0 [0x00D85D33+482611]
	Ordinal0 [0x00D85E75+482933]
	Ordinal0 [0x00D859B5+481717]
	Ordinal0 [0x00D89A17+498199]
	Ordinal0 [0x00D85968+481640]
	Ordinal0 [0x00D8628B+483979]
	Ordinal0 [0x00D85D33+482611]
	Ordinal0 [0x00D85E75+482933]
	Ordinal0 [0x00D859B5+481717]
	Ordinal0 [0x00D8256C+468332]
	Ordinal0 [0x00D85968+481640]
	Ordinal0 [0x00D85844+481348]
	Ordinal0 [0x00D8F0D0+520400]
	Ordinal0 [0x00D3C030+180272]
	Ordinal0 [0x00D3B59D+177565]
	Ordinal0 [0x00D395FB+169467]
	Ordinal0 [0x00D2160A+71178]
	Ordinal0 [0x00D22690+75408]
	Ordinal0 [0x00D22629+75305]
	Ordinal0 [0x00E271B7+1143223]
	GetHandleVerifier [0x00F22B46+507814]
	GetHandleVerifier [0x00F22864+507076]
	GetHandleVerifier [0x00F29F47+537511]
	GetHandleVerifier [0x00F23402+510050]
	Ordinal0 [0x00E1F29C+1110684]
	Ordinal0 [0x00E2938B+1151883]
	Ordinal0 [0x00E294F3+1152243]
	Ordinal0 [0x00E283F5+1147893]
	BaseThreadInitThunk [0x74358654+36]
	RtlGetAppContainerNamedObjectPath [0x77414A47+311]
	RtlGetAppContainerNamedObjectPath [0x77414A17+263]
">
      <![CDATA[org.openqa.selenium.SessionNotCreatedException: session not created
from disconnected: received Inspector.detached event
  (Session info: chrome=79.0.3945.117)
Build info: version: '3.141.59', revision: 'e82be7d358', time: '2018-11-14T08:17:03'
System info: host: 'DESKTOP-637RNLU', ip: '192.168.43.2', os.name: 'Windows 10', os.arch: 'amd64', os.version: '10.0', java.version: '1.8.0_231'
Driver info: driver.version: ChromeDriver
remote stacktrace: Backtrace:
Ordinal0 [0x00E8A113+1548563]
Ordinal0 [0x00E0DDA1+1039777]
Ordinal0 [0x00D8E485+517253]
Ordinal0 [0x00D870CB+487627]
Ordinal0 [0x00D86CE9+486633]
Ordinal0 [0x00D865E8+484840]
Ordinal0 [0x00D85D33+482611]
Ordinal0 [0x00D85E75+482933]
Ordinal0 [0x00D859B5+481717]
Ordinal0 [0x00D8A494+500884]
Ordinal0 [0x00D85968+481640]
Ordinal0 [0x00D8628B+483979]
Ordinal0 [0x00D85D33+482611]
Ordinal0 [0x00D85E75+482933]
Ordinal0 [0x00D859B5+481717]
Ordinal0 [0x00D89A17+498199]
Ordinal0 [0x00D85968+481640]
Ordinal0 [0x00D8628B+483979]
Ordinal0 [0x00D85D33+482611]
Ordinal0 [0x00D85E75+482933]
Ordinal0 [0x00D859B5+481717]
Ordinal0 [0x00D8256C+468332]
Ordinal0 [0x00D85968+481640]
Ordinal0 [0x00D85844+481348]
Ordinal0 [0x00D8F0D0+520400]
Ordinal0 [0x00D3C030+180272]
Ordinal0 [0x00D3B59D+177565]
Ordinal0 [0x00D395FB+169467]
Ordinal0 [0x00D2160A+71178]
Ordinal0 [0x00D22690+75408]
Ordinal0 [0x00D22629+75305]
Ordinal0 [0x00E271B7+1143223]
GetHandleVerifier [0x00F22B46+507814]
GetHandleVerifier [0x00F22864+507076]
GetHandleVerifier [0x00F29F47+537511]
GetHandleVerifier [0x00F23402+510050]
Ordinal0 [0x00E1F29C+1110684]
Ordinal0 [0x00E2938B+1151883]
Ordinal0 [0x00E294F3+1152243]
Ordinal0 [0x00E283F5+1147893]
BaseThreadInitThunk [0x74358654+36]
RtlGetAppContainerNamedObjectPath [0x77414A47+311]
RtlGetAppContainerNamedObjectPath [0x77414A17+263]

at sun.reflect.NativeConstructorAccessorImpl.newInstance0(Native Method)
at sun.reflect.NativeConstructorAccessorImpl.newInstance(Unknown Source)
at sun.reflect.DelegatingConstructorAccessorImpl.newInstance(Unknown Source)
at java.lang.reflect.Constructor.newInstance(Unknown Source)
at org.openqa.selenium.remote.W3CHandshakeResponse.lambda$errorHandler$0(W3CHandshakeResponse.java:62)
at org.openqa.selenium.remote.HandshakeResponse.lambda$getResponseFunction$0(HandshakeResponse.java:30)
at org.openqa.selenium.remote.ProtocolHandshake.lambda$createSession$0(ProtocolHandshake.java:126)
at java.util.stream.ReferencePipeline$3$1.accept(Unknown Source)
at java.util.Spliterators$ArraySpliterator.tryAdvance(Unknown Source)
at java.util.stream.ReferencePipeline.forEachWithCancel(Unknown Source)
at java.util.stream.AbstractPipeline.copyIntoWithCancel(Unknown Source)
at java.util.stream.AbstractPipeline.copyInto(Unknown Source)
at java.util.stream.AbstractPipeline.wrapAndCopyInto(Unknown Source)
at java.util.stream.FindOps$FindOp.evaluateSequential(Unknown Source)
at java.util.stream.AbstractPipeline.evaluate(Unknown Source)
at java.util.stream.ReferencePipeline.findFirst(Unknown Source)
at org.openqa.selenium.remote.ProtocolHandshake.createSession(ProtocolHandshake.java:128)
at org.openqa.selenium.remote.ProtocolHandshake.createSession(ProtocolHandshake.java:74)
at org.openqa.selenium.remote.HttpCommandExecutor.execute(HttpCommandExecutor.java:136)
at org.openqa.selenium.remote.service.DriverCommandExecutor.execute(DriverCommandExecutor.java:83)
at org.openqa.selenium.remote.RemoteWebDriver.execute(RemoteWebDriver.java:552)
at org.openqa.selenium.remote.RemoteWebDriver.startSession(RemoteWebDriver.java:213)
at org.openqa.selenium.remote.RemoteWebDriver.<init>(RemoteWebDriver.java:131)
at org.openqa.selenium.chrome.ChromeDriver.<init>(ChromeDriver.java:181)
at org.openqa.selenium.chrome.ChromeDriver.<init>(ChromeDriver.java:168)
at org.openqa.selenium.chrome.ChromeDriver.<init>(ChromeDriver.java:123)
at com.capgemini.seleniumtesting.webdriver.Assertion.test2(Assertion.java:27)
at sun.reflect.NativeMethodAccessorImpl.invoke0(Native Method)
at sun.reflect.NativeMethodAccessorImpl.invoke(Unknown Source)
at sun.reflect.DelegatingMethodAccessorImpl.invoke(Unknown Source)
at java.lang.reflect.Method.invoke(Unknown Source)
at org.testng.internal.MethodInvocationHelper.invokeMethod(MethodInvocationHelper.java:124)
at org.testng.internal.Invoker.invokeMethod(Invoker.java:580)
at org.testng.internal.Invoker.invokeTestMethod(Invoker.java:716)
at org.testng.internal.Invoker.invokeTestMethods(Invoker.java:988)
at org.testng.internal.TestMethodWorker.invokeTestMethods(TestMethodWorker.java:125)
at org.testng.internal.TestMethodWorker.run(TestMethodWorker.java:109)
at org.testng.TestRunner.privateRun(TestRunner.java:648)
at org.testng.TestRunner.run(TestRunner.java:505)
at org.testng.SuiteRunner.runTest(SuiteRunner.java:455)
at org.testng.SuiteRunner.runSequentially(SuiteRunner.java:450)
at org.testng.SuiteRunner.privateRun(SuiteRunner.java:415)
at org.testng.SuiteRunner.run(SuiteRunner.java:364)
at org.testng.SuiteRunnerWorker.runSuite(SuiteRunnerWorker.java:52)
at org.testng.SuiteRunnerWorker.run(SuiteRunnerWorker.java:84)
at org.testng.TestNG.runSuitesSequentially(TestNG.java:1208)
at org.testng.TestNG.runSuitesLocally(TestNG.java:1137)
at org.testng.TestNG.runSuites(TestNG.java:1049)
at org.testng.TestNG.run(TestNG.java:1017)
at org.testng.remote.AbstractRemoteTestNG.run(AbstractRemoteTestNG.java:114)
at org.testng.remote.RemoteTestNG.initAndRun(RemoteTestNG.java:251)
at org.testng.remote.RemoteTestNG.main(RemoteTestNG.java:77)
]]>
    </error>
  </testcase> <!-- test2 -->
</testsuite> <!-- com.capgemini.seleniumtesting.webdriver.Assertion -->
