<?xml version="1.0" encoding="UTF-8"?>
<!-- Generated by org.testng.reporters.JUnitReportReporter -->
<testsuite skipped="0" hostname="DESKTOP-637RNLU" name="com.capgemini.seleniumtesting.basetestclasses.TestA" tests="2" failures="0" timestamp="16 Jan 2020 12:39:04 GMT" time="0.000" errors="0">
  <testcase name="test2" time="0.000" classname="com.capgemini.seleniumtesting.basetestclasses.TestA"/>
  <testcase name="test1" time="0.000" classname="com.capgemini.seleniumtesting.basetestclasses.TestA"/>
</testsuite> <!-- com.capgemini.seleniumtesting.basetestclasses.TestA -->
