<?xml version="1.0" encoding="UTF-8"?>
<!-- Generated by org.testng.reporters.JUnitReportReporter -->
<testsuite skipped="0" hostname="DESKTOP-637RNLU" name="com.capgemini.seleniumtesting.webdriver.TestDemo" tests="1" failures="0" timestamp="16 Jan 2020 10:44:01 GMT" time="28.407" errors="0">
  <testcase name="demo1" time="28.407" classname="com.capgemini.seleniumtesting.webdriver.TestDemo"/>
</testsuite> <!-- com.capgemini.seleniumtesting.webdriver.TestDemo -->
