<?xml version="1.0" encoding="UTF-8"?>
<!-- Generated by org.testng.reporters.JUnitReportReporter -->
<testsuite skipped="0" hostname="DESKTOP-637RNLU" name="com.capgemini.seleniumtesting.testclasses.B" tests="1" failures="0" timestamp="16 Jan 2020 11:29:17 GMT" time="22.882" errors="0">
  <testcase name="demo2" time="22.882" classname="com.capgemini.seleniumtesting.testclasses.B"/>
</testsuite> <!-- com.capgemini.seleniumtesting.testclasses.B -->
